<?xml version="1.0" encoding="UTF-8"?>
<testng-results ignored="1" total="2" passed="1" failed="0" skipped="0">
  <reporter-output>
  </reporter-output>
  <suite started-at="2024-09-07T16:50:07 IST" name="Default suite" finished-at="2024-09-07T16:50:07 IST" duration-ms="778">
    <groups>
    </groups>
    <test started-at="2024-09-07T16:50:07 IST" name="Default test" finished-at="2024-09-07T16:50:07 IST" duration-ms="778">
      <class name="com.jira.APIAutomation.DummyName">
        <test-method signature="methodChainingExample()[pri:0, instance:com.jira.APIAutomation.DummyName@57d7f8ca]" started-at="2024-09-07T16:50:07 IST" name="methodChainingExample" finished-at="2024-09-07T16:50:07 IST" duration-ms="734" status="PASS">
          <reporter-output>
          </reporter-output>
        </test-method> <!-- methodChainingExample -->
      </class> <!-- com.jira.APIAutomation.DummyName -->
    </test> <!-- Default test -->
  </suite> <!-- Default suite -->
</testng-results>
