<?xml version="1.0" encoding="UTF-8"?>
<!-- Generated by org.testng.reporters.JUnitXMLReporter -->
<testsuite ignored="0" hostname="Chiku" failures="0" tests="1" name="Test" time="2.746" errors="0" timestamp="2024-06-03T13:14:16 IST">
  <testcase classname="testCases.DeleteDummy" name="@BeforeTest setup" time="2.694">
    <failure type="java.lang.NullPointerException">
      <![CDATA[java.lang.NullPointerException
at testCases.DeleteDummy.setup(DeleteDummy.java:20)
... Removed 24 stack frames]]>
    </failure>
  </testcase> <!-- @BeforeTest setup -->
  <testcase classname="testCases.DeleteDummy" name="deleteGmail" time="0.0">
    <skipped/>
  </testcase> <!-- deleteGmail -->
</testsuite> <!-- Test -->
