<?xml version="1.0" encoding="UTF-8"?>
<!-- Generated by org.testng.reporters.JUnitXMLReporter -->
<testsuite ignored="1" hostname="Chiku" failures="0" tests="1" name="Default test" time="0.778" errors="0" timestamp="2024-09-07T16:50:08 IST">
  <testcase classname="com.jira.APIAutomation.DummyName" name="methodChainingExample" time="0.734"/>
  <testcase classname="com.jira.APIAutomation.DummyName" name="requestSpecificationExample" time="0.0">
    <ignored/>
  </testcase> <!-- requestSpecificationExample -->
</testsuite> <!-- Default test -->
